<?xml version="1.0" encoding="UTF-8"?>
<!-- Generated by org.testng.reporters.JUnitXMLReporter -->
<testsuite ignored="0" hostname="A-RK71TVHJV9G4J" failures="0" tests="2" name="Default test" time="27.586" errors="0" timestamp="2023-07-31T13:41:57 IST">
  <testcase classname="io.cucumber.testng.AbstractTestNGCucumberTests" name="runScenario" time="14.673"/>
  <testcase classname="io.cucumber.testng.AbstractTestNGCucumberTests" name="runScenario" time="11.984"/>
</testsuite> <!-- Default test -->
