<?xml version="1.0" encoding="UTF-8"?>
<testng-results ignored="0" total="2" passed="2" failed="0" skipped="0">
  <reporter-output>
  </reporter-output>
  <suite started-at="2023-07-31T10:20:37 IST" name="Default suite" finished-at="2023-07-31T10:21:53 IST" duration-ms="76227">
    <groups>
    </groups>
    <test started-at="2023-07-31T10:20:37 IST" name="Default test" finished-at="2023-07-31T10:21:53 IST" duration-ms="76227">
      <class name="com.citi.test.LoginTest">
        <test-method is-config="true" signature="setup()[pri:0, instance:com.citi.test.LoginTest@1e6a3214]" started-at="2023-07-31T10:21:11 IST" name="setup" finished-at="2023-07-31T10:21:19 IST" duration-ms="8520" status="PASS">
          <reporter-output>
          </reporter-output>
        </test-method> <!-- setup -->
        <test-method signature="invalidLoginTest(java.lang.String,java.lang.String,java.lang.String)[pri:0, instance:com.citi.test.LoginTest@1e6a3214]" started-at="2023-07-31T10:21:19 IST" name="invalidLoginTest" data-provider="commonDataProvider" finished-at="2023-07-31T10:21:27 IST" duration-ms="7935" status="PASS">
          <params>
            <param index="0">
              <value>
                <![CDATA[john]]>
              </value>
            </param>
            <param index="1">
              <value>
                <![CDATA[john1122]]>
              </value>
            </param>
            <param index="2">
              <value>
                <![CDATA[Invalid username or password]]>
              </value>
            </param>
          </params>
          <reporter-output>
          </reporter-output>
        </test-method> <!-- invalidLoginTest -->
        <test-method is-config="true" signature="teardown()[pri:0, instance:com.citi.test.LoginTest@1e6a3214]" started-at="2023-07-31T10:21:27 IST" name="teardown" finished-at="2023-07-31T10:21:30 IST" duration-ms="3137" status="PASS">
          <reporter-output>
          </reporter-output>
        </test-method> <!-- teardown -->
        <test-method is-config="true" signature="setup()[pri:0, instance:com.citi.test.LoginTest@1e6a3214]" started-at="2023-07-31T10:21:30 IST" name="setup" finished-at="2023-07-31T10:21:38 IST" duration-ms="7942" status="PASS">
          <reporter-output>
          </reporter-output>
        </test-method> <!-- setup -->
        <test-method signature="invalidLoginTest(java.lang.String,java.lang.String,java.lang.String)[pri:0, instance:com.citi.test.LoginTest@1e6a3214]" started-at="2023-07-31T10:21:38 IST" name="invalidLoginTest" data-provider="commonDataProvider" finished-at="2023-07-31T10:21:51 IST" duration-ms="12734" status="PASS">
          <params>
            <param index="0">
              <value>
                <![CDATA[peter]]>
              </value>
            </param>
            <param index="1">
              <value>
                <![CDATA[peter232]]>
              </value>
            </param>
            <param index="2">
              <value>
                <![CDATA[Invalid username or password]]>
              </value>
            </param>
          </params>
          <reporter-output>
          </reporter-output>
        </test-method> <!-- invalidLoginTest -->
        <test-method is-config="true" signature="teardown()[pri:0, instance:com.citi.test.LoginTest@1e6a3214]" started-at="2023-07-31T10:21:51 IST" name="teardown" finished-at="2023-07-31T10:21:53 IST" duration-ms="2413" status="PASS">
          <reporter-output>
          </reporter-output>
        </test-method> <!-- teardown -->
      </class> <!-- com.citi.test.LoginTest -->
    </test> <!-- Default test -->
  </suite> <!-- Default suite -->
</testng-results>
