<?xml version="1.0" encoding="UTF-8"?>
<testng-results ignored="0" total="4" passed="4" failed="0" skipped="0">
  <reporter-output>
  </reporter-output>
  <suite started-at="2023-07-31T11:09:10 IST" name="OpenEMR Suite" finished-at="2023-07-31T11:09:55 IST" duration-ms="45296">
    <groups>
      <group name="UI">
        <method signature="LoginUITest.TitleTest()[pri:0, instance:com.citi.test.LoginUITest@750e2b97]" name="TitleTest" class="com.citi.test.LoginUITest"/>
      </group> <!-- UI -->
      <group name="smoke">
        <method signature="LoginTest.validLoginTest(java.lang.String,java.lang.String,java.lang.String)[pri:0, instance:com.citi.test.LoginTest@75d3a5e0]" name="validLoginTest" class="com.citi.test.LoginTest"/>
        <method signature="LoginUITest.TitleTest()[pri:0, instance:com.citi.test.LoginUITest@750e2b97]" name="TitleTest" class="com.citi.test.LoginUITest"/>
      </group> <!-- smoke -->
      <group name="login">
        <method signature="LoginTest.validLoginTest(java.lang.String,java.lang.String,java.lang.String)[pri:0, instance:com.citi.test.LoginTest@75d3a5e0]" name="validLoginTest" class="com.citi.test.LoginTest"/>
      </group> <!-- login -->
    </groups>
    <test started-at="2023-07-31T11:09:10 IST" name="User Interface Test - edge" finished-at="2023-07-31T11:09:55 IST" duration-ms="45296">
      <class name="com.citi.test.LoginUITest">
        <test-method is-config="true" signature="setup(java.lang.String)[pri:0, instance:com.citi.test.LoginUITest@750e2b97]" started-at="2023-07-31T11:09:10 IST" name="setup" finished-at="2023-07-31T11:09:19 IST" duration-ms="8386" status="PASS">
          <params>
            <param index="0">
              <value>
                <![CDATA[edge]]>
              </value>
            </param>
          </params>
          <reporter-output>
          </reporter-output>
        </test-method> <!-- setup -->
        <test-method signature="TitleTest()[pri:0, instance:com.citi.test.LoginUITest@750e2b97]" started-at="2023-07-31T11:09:19 IST" name="TitleTest" finished-at="2023-07-31T11:09:19 IST" duration-ms="18" status="PASS">
          <reporter-output>
          </reporter-output>
        </test-method> <!-- TitleTest -->
        <test-method is-config="true" signature="teardown()[pri:0, instance:com.citi.test.LoginUITest@750e2b97]" started-at="2023-07-31T11:09:19 IST" name="teardown" finished-at="2023-07-31T11:09:19 IST" duration-ms="222" status="PASS">
          <reporter-output>
          </reporter-output>
        </test-method> <!-- teardown -->
      </class> <!-- com.citi.test.LoginUITest -->
      <class name="com.citi.test.LoginTest">
        <test-method is-config="true" signature="setup(java.lang.String)[pri:0, instance:com.citi.test.LoginTest@75d3a5e0]" started-at="2023-07-31T11:09:20 IST" name="setup" finished-at="2023-07-31T11:09:26 IST" duration-ms="6927" status="PASS">
          <params>
            <param index="0">
              <value>
                <![CDATA[edge]]>
              </value>
            </param>
          </params>
          <reporter-output>
          </reporter-output>
        </test-method> <!-- setup -->
        <test-method signature="validLoginTest(java.lang.String,java.lang.String,java.lang.String)[pri:0, instance:com.citi.test.LoginTest@75d3a5e0]" started-at="2023-07-31T11:09:26 IST" name="validLoginTest" data-provider="commonDataProvider" finished-at="2023-07-31T11:09:31 IST" duration-ms="4843" status="PASS">
          <params>
            <param index="0">
              <value>
                <![CDATA[receptionist]]>
              </value>
            </param>
            <param index="1">
              <value>
                <![CDATA[receptionist]]>
              </value>
            </param>
            <param index="2">
              <value>
                <![CDATA[OpenEMR]]>
              </value>
            </param>
          </params>
          <reporter-output>
          </reporter-output>
        </test-method> <!-- validLoginTest -->
        <test-method is-config="true" signature="teardown()[pri:0, instance:com.citi.test.LoginTest@75d3a5e0]" started-at="2023-07-31T11:09:31 IST" name="teardown" finished-at="2023-07-31T11:09:32 IST" duration-ms="238" status="PASS">
          <reporter-output>
          </reporter-output>
        </test-method> <!-- teardown -->
        <test-method is-config="true" signature="setup(java.lang.String)[pri:0, instance:com.citi.test.LoginTest@75d3a5e0]" started-at="2023-07-31T11:09:32 IST" name="setup" finished-at="2023-07-31T11:09:39 IST" duration-ms="6960" status="PASS">
          <params>
            <param index="0">
              <value>
                <![CDATA[edge]]>
              </value>
            </param>
          </params>
          <reporter-output>
          </reporter-output>
        </test-method> <!-- setup -->
        <test-method signature="validLoginTest(java.lang.String,java.lang.String,java.lang.String)[pri:0, instance:com.citi.test.LoginTest@75d3a5e0]" started-at="2023-07-31T11:09:39 IST" name="validLoginTest" data-provider="commonDataProvider" finished-at="2023-07-31T11:09:43 IST" duration-ms="4749" status="PASS">
          <params>
            <param index="0">
              <value>
                <![CDATA[admin]]>
              </value>
            </param>
            <param index="1">
              <value>
                <![CDATA[pass]]>
              </value>
            </param>
            <param index="2">
              <value>
                <![CDATA[OpenEMR]]>
              </value>
            </param>
          </params>
          <reporter-output>
          </reporter-output>
        </test-method> <!-- validLoginTest -->
        <test-method is-config="true" signature="teardown()[pri:0, instance:com.citi.test.LoginTest@75d3a5e0]" started-at="2023-07-31T11:09:43 IST" name="teardown" finished-at="2023-07-31T11:09:44 IST" duration-ms="227" status="PASS">
          <reporter-output>
          </reporter-output>
        </test-method> <!-- teardown -->
        <test-method is-config="true" signature="setup(java.lang.String)[pri:0, instance:com.citi.test.LoginTest@75d3a5e0]" started-at="2023-07-31T11:09:44 IST" name="setup" finished-at="2023-07-31T11:09:50 IST" duration-ms="6916" status="PASS">
          <params>
            <param index="0">
              <value>
                <![CDATA[edge]]>
              </value>
            </param>
          </params>
          <reporter-output>
          </reporter-output>
        </test-method> <!-- setup -->
        <test-method signature="validLoginTest(java.lang.String,java.lang.String,java.lang.String)[pri:0, instance:com.citi.test.LoginTest@75d3a5e0]" started-at="2023-07-31T11:09:50 IST" name="validLoginTest" data-provider="commonDataProvider" finished-at="2023-07-31T11:09:55 IST" duration-ms="4765" status="PASS">
          <params>
            <param index="0">
              <value>
                <![CDATA[accountant]]>
              </value>
            </param>
            <param index="1">
              <value>
                <![CDATA[accountant]]>
              </value>
            </param>
            <param index="2">
              <value>
                <![CDATA[OpenEMR]]>
              </value>
            </param>
          </params>
          <reporter-output>
          </reporter-output>
        </test-method> <!-- validLoginTest -->
        <test-method is-config="true" signature="teardown()[pri:0, instance:com.citi.test.LoginTest@75d3a5e0]" started-at="2023-07-31T11:09:55 IST" name="teardown" finished-at="2023-07-31T11:09:55 IST" duration-ms="240" status="PASS">
          <reporter-output>
          </reporter-output>
        </test-method> <!-- teardown -->
      </class> <!-- com.citi.test.LoginTest -->
    </test> <!-- User Interface Test - edge -->
  </suite> <!-- OpenEMR Suite -->
</testng-results>
