<?xml version="1.0" encoding="UTF-8"?>
<!-- Generated by org.testng.reporters.JUnitXMLReporter -->
<testsuite ignored="2" hostname="A-RK71TVHJV9G4J" failures="0" tests="4" name="User Interface Test - edge" time="45.296" errors="0" timestamp="2023-07-31T11:09:55 IST">
  <testcase classname="com.citi.test.LoginUITest" name="TitleTest" time="0.018"/>
  <testcase classname="com.citi.test.LoginTest" name="validLoginTest" time="4.843"/>
  <testcase classname="com.citi.test.LoginTest" name="validLoginTest" time="4.749"/>
  <testcase classname="com.citi.test.LoginTest" name="validLoginTest" time="4.765"/>
  <testcase classname="com.citi.test.LoginUITest" name="appDescriptionTest" time="0.0">
    <ignored/>
  </testcase> <!-- appDescriptionTest -->
  <testcase classname="com.citi.test.LoginTest" name="invalidLoginTest" time="0.0">
    <ignored/>
  </testcase> <!-- invalidLoginTest -->
</testsuite> <!-- User Interface Test - edge -->
